<?xml version="1.0" encoding="UTF-8"?>
<testsuite name="me.sayjang.springbootdeveloper.TestControllerTest" tests="1" skipped="0" failures="0" errors="0" timestamp="2023-07-10T14:24:57" hostname="jangsehee-MacBookAir.local" time="0.674">
  <properties/>
  <testcase name="getAllMembers: 아티클 조회에 성공한다." classname="me.sayjang.springbootdeveloper.TestControllerTest" time="0.674"/>
  <system-out><![CDATA[23:24:52.715 [Test worker] DEBUG org.springframework.boot.test.context.SpringBootTestContextBootstrapper - Neither @ContextConfiguration nor @ContextHierarchy found for test class [TestControllerTest]: using SpringBootContextLoader
23:24:52.722 [Test worker] DEBUG org.springframework.test.context.support.AbstractContextLoader - Could not detect default resource locations for test class [me.sayjang.springbootdeveloper.TestControllerTest]: no resource found for suffixes {-context.xml, Context.groovy}.
23:24:52.722 [Test worker] INFO org.springframework.test.context.support.AnnotationConfigContextLoaderUtils - Could not detect default configuration classes for test class [me.sayjang.springbootdeveloper.TestControllerTest]: TestControllerTest does not declare any static, non-private, non-final, nested classes annotated with @Configuration.
23:24:52.767 [Test worker] DEBUG org.springframework.boot.test.context.SpringBootTestContextBootstrapper - Using ContextCustomizers for test class [TestControllerTest]: [DisableObservabilityContextCustomizer, PropertyMappingContextCustomizer, Customizer, ImportsContextCustomizer, ExcludeFilterContextCustomizer, DuplicateJsonObjectContextCustomizer, MockitoContextCustomizer, TestRestTemplateContextCustomizer]
23:24:52.873 [Test worker] DEBUG org.springframework.context.annotation.ClassPathScanningCandidateComponentProvider - Identified candidate component class: file [/Users/jangsehee/Projects/springboot-developer/build/classes/java/main/me/sayjang/springbootdeveloper/SpringBootDeveloperApplication.class]
23:24:52.917 [Test worker] INFO org.springframework.boot.test.context.SpringBootTestContextBootstrapper - Found @SpringBootConfiguration me.sayjang.springbootdeveloper.SpringBootDeveloperApplication for test class me.sayjang.springbootdeveloper.TestControllerTest
23:24:52.995 [Test worker] DEBUG org.springframework.boot.test.context.SpringBootTestContextBootstrapper - Using TestExecutionListeners for test class [TestControllerTest]: [ServletTestExecutionListener, DirtiesContextBeforeModesTestExecutionListener, ApplicationEventsTestExecutionListener, MockitoTestExecutionListener, DependencyInjectionTestExecutionListener, DirtiesContextTestExecutionListener, TransactionalTestExecutionListener, SqlScriptsTestExecutionListener, EventPublishingTestExecutionListener, RestDocsTestExecutionListener, MockRestServiceServerResetTestExecutionListener, MockMvcPrintOnlyOnFailureTestExecutionListener, WebDriverTestExecutionListener, MockWebServiceServerTestExecutionListener, ResetMocksTestExecutionListener]
23:24:52.997 [Test worker] DEBUG org.springframework.test.context.support.AbstractDirtiesContextTestExecutionListener - Before test class: class [TestControllerTest], class annotated with @DirtiesContext [false] with mode [null]

  .   ____          _            __ _ _
 /\\ / ___'_ __ _ _(_)_ __  __ _ \ \ \ \
( ( )\___ | '_ | '_| | '_ \/ _` | \ \ \ \
 \\/  ___)| |_)| | | | | || (_| |  ) ) ) )
  '  |____| .__|_| |_|_| |_\__, | / / / /
 =========|_|==============|___/=/_/_/_/
 :: Spring Boot ::                (v3.0.2)

2023-07-10T23:24:53.404+09:00  INFO 14690 --- [    Test worker] m.s.s.TestControllerTest                 : Starting TestControllerTest using Java 17.0.7 with PID 14690 (started by jangsehee in /Users/jangsehee/Projects/springboot-developer)
2023-07-10T23:24:53.406+09:00  INFO 14690 --- [    Test worker] m.s.s.TestControllerTest                 : No active profile set, falling back to 1 default profile: "default"
2023-07-10T23:24:54.312+09:00  INFO 14690 --- [    Test worker] .s.d.r.c.RepositoryConfigurationDelegate : Bootstrapping Spring Data JPA repositories in DEFAULT mode.
2023-07-10T23:24:54.431+09:00  INFO 14690 --- [    Test worker] .s.d.r.c.RepositoryConfigurationDelegate : Finished Spring Data repository scanning in 113 ms. Found 1 JPA repository interfaces.
2023-07-10T23:24:55.038+09:00  INFO 14690 --- [    Test worker] com.zaxxer.hikari.HikariDataSource       : HikariPool-1 - Starting...
2023-07-10T23:24:55.168+09:00  INFO 14690 --- [    Test worker] com.zaxxer.hikari.pool.HikariPool        : HikariPool-1 - Added connection conn0: url=jdbc:h2:mem:20e9b0b7-9e64-4f2c-b480-28af313a88b3 user=SA
2023-07-10T23:24:55.176+09:00  INFO 14690 --- [    Test worker] com.zaxxer.hikari.HikariDataSource       : HikariPool-1 - Start completed.
2023-07-10T23:24:55.245+09:00  INFO 14690 --- [    Test worker] o.hibernate.jpa.internal.util.LogHelper  : HHH000204: Processing PersistenceUnitInfo [name: default]
2023-07-10T23:24:55.281+09:00  INFO 14690 --- [    Test worker] org.hibernate.Version                    : HHH000412: Hibernate ORM core version 6.1.6.Final
2023-07-10T23:24:55.459+09:00  WARN 14690 --- [    Test worker] org.hibernate.orm.deprecation            : HHH90000021: Encountered deprecated setting [javax.persistence.sharedCache.mode], use [jakarta.persistence.sharedCache.mode] instead
2023-07-10T23:24:55.573+09:00  INFO 14690 --- [    Test worker] SQL dialect                              : HHH000400: Using dialect: org.hibernate.dialect.H2Dialect
Hibernate: 
    
    drop table if exists member cascade 
Hibernate: 
    
    create table member (
       id bigint generated by default as identity,
        name varchar(255) not null,
        primary key (id)
    )
2023-07-10T23:24:56.099+09:00  INFO 14690 --- [    Test worker] o.h.e.t.j.p.i.JtaPlatformInitiator       : HHH000490: Using JtaPlatform implementation: [org.hibernate.engine.transaction.jta.platform.internal.NoJtaPlatform]
2023-07-10T23:24:56.107+09:00  INFO 14690 --- [    Test worker] j.LocalContainerEntityManagerFactoryBean : Initialized JPA EntityManagerFactory for persistence unit 'default'
2023-07-10T23:24:56.551+09:00  WARN 14690 --- [    Test worker] JpaBaseConfiguration$JpaWebConfiguration : spring.jpa.open-in-view is enabled by default. Therefore, database queries may be performed during view rendering. Explicitly configure spring.jpa.open-in-view to disable this warning
2023-07-10T23:24:56.997+09:00  INFO 14690 --- [    Test worker] o.s.b.t.m.w.SpringBootMockServletContext : Initializing Spring TestDispatcherServlet ''
2023-07-10T23:24:56.997+09:00  INFO 14690 --- [    Test worker] o.s.t.web.servlet.TestDispatcherServlet  : Initializing Servlet ''
2023-07-10T23:24:57.001+09:00  INFO 14690 --- [    Test worker] o.s.t.web.servlet.TestDispatcherServlet  : Completed initialization in 1 ms
2023-07-10T23:24:57.058+09:00  INFO 14690 --- [    Test worker] m.s.s.TestControllerTest                 : Started TestControllerTest in 4.005 seconds (process running for 5.351)
2023-07-10T23:24:57.419+09:00  INFO 14690 --- [    Test worker] o.s.b.t.m.w.SpringBootMockServletContext : Initializing Spring TestDispatcherServlet ''
2023-07-10T23:24:57.420+09:00  INFO 14690 --- [    Test worker] o.s.t.web.servlet.TestDispatcherServlet  : Initializing Servlet ''
2023-07-10T23:24:57.425+09:00  INFO 14690 --- [    Test worker] o.s.t.web.servlet.TestDispatcherServlet  : Completed initialization in 3 ms
Hibernate: 
    select
        m1_0.id,
        m1_0.name 
    from
        member m1_0 
    where
        m1_0.id=?
Hibernate: 
    update
        member 
    set
        name=? 
    where
        id=?
Hibernate: 
    select
        m1_0.id,
        m1_0.name 
    from
        member m1_0
Hibernate: 
    select
        m1_0.id,
        m1_0.name 
    from
        member m1_0
Hibernate: 
    delete 
    from
        member 
    where
        id=?
Hibernate: 
    delete 
    from
        member 
    where
        id=?
Hibernate: 
    delete 
    from
        member 
    where
        id=?
]]></system-out>
  <system-err><![CDATA[]]></system-err>
</testsuite>
